android/app/build/intermediates/manifest_merge_blame_file/debug/processDebugMainManifest/manifest-merger-blame-debug-report.txt
1<?xml version="1.0" encoding="utf-8"?>
2<manifest xmlns:android="http://schemas.android.com/apk/res/android"
3    package="com.giakhanh.piranha"
4    android:versionCode="1"
5    android:versionName="1.0.0" >
6
7    <uses-sdk
8        android:minSdkVersion="23"
9        android:targetSdkVersion="35" />
10    <!--
11         The INTERNET permission is required for development. Specifically,
12         the Flutter tool needs it to communicate with the running application
13         to allow setting breakpoints, to provide hot reload, etc.
14    -->
15    <uses-permission android:name="android.permission.INTERNET" />
15-->src\main\AndroidManifest.xml:2:5-67
15-->src\main\AndroidManifest.xml:2:22-64
16    <uses-permission android:name="android.permission.ACCESS_NETWORK_STATE" />
16-->src\main\AndroidManifest.xml:3:5-78
16-->src\main\AndroidManifest.xml:3:22-76
17    <uses-permission android:name="android.permission.WRITE_EXTERNAL_STORAGE" />
17-->src\main\AndroidManifest.xml:4:5-81
17-->src\main\AndroidManifest.xml:4:22-78
18    <uses-permission android:name="android.permission.READ_EXTERNAL_STORAGE" />
18-->src\main\AndroidManifest.xml:5:5-80
18-->src\main\AndroidManifest.xml:5:22-77
19    <uses-permission android:name="android.permission.MANAGE_EXTERNAL_STORAGE" />
19-->src\main\AndroidManifest.xml:6:5-82
19-->src\main\AndroidManifest.xml:6:22-79
20
21    <queries>
21-->src\main\AndroidManifest.xml:46:5-51:15
22        <intent>
22-->src\main\AndroidManifest.xml:47:9-50:18
23            <action android:name="android.intent.action.PROCESS_TEXT" />
23-->src\main\AndroidManifest.xml:48:13-72
23-->src\main\AndroidManifest.xml:48:21-70
24
25            <data android:mimeType="text/plain" />
25-->src\main\AndroidManifest.xml:49:13-50
25-->src\main\AndroidManifest.xml:49:19-48
26        </intent>
27        <intent>
27-->[:file_picker] AndroidManifest.xml:8:9-12:18
28            <action android:name="android.intent.action.GET_CONTENT" />
28-->[:file_picker] AndroidManifest.xml:9:13-72
28-->[:file_picker] AndroidManifest.xml:9:21-69
29
30            <data android:mimeType="*/*" />
30-->src\main\AndroidManifest.xml:49:13-50
30-->src\main\AndroidManifest.xml:49:19-48
31        </intent> <!-- For browser content -->
32        <intent>
32-->[com.google.android.gms:play-services-ads-lite:23.6.0] AndroidManifest.xml:38:9-44:18
33            <action android:name="android.intent.action.VIEW" />
33-->[com.google.firebase:firebase-auth:23.2.0] AndroidManifest.xml:36:17-69
33-->[com.google.firebase:firebase-auth:23.2.0] AndroidManifest.xml:36:25-66
34
35            <category android:name="android.intent.category.BROWSABLE" />
35-->[com.google.firebase:firebase-auth:23.2.0] AndroidManifest.xml:39:17-78
35-->[com.google.firebase:firebase-auth:23.2.0] AndroidManifest.xml:39:27-75
36
37            <data android:scheme="https" />
37-->src\main\AndroidManifest.xml:49:13-50
38        </intent> <!-- End of browser content -->
39        <!-- For CustomTabsService -->
40        <intent>
40-->[com.google.android.gms:play-services-ads-lite:23.6.0] AndroidManifest.xml:47:9-49:18
41            <action android:name="android.support.customtabs.action.CustomTabsService" />
41-->[com.google.android.gms:play-services-ads-lite:23.6.0] AndroidManifest.xml:48:13-90
41-->[com.google.android.gms:play-services-ads-lite:23.6.0] AndroidManifest.xml:48:21-87
42        </intent> <!-- End of CustomTabsService -->
43        <!-- For MRAID capabilities -->
44        <intent>
44-->[com.google.android.gms:play-services-ads-lite:23.6.0] AndroidManifest.xml:52:9-56:18
45            <action android:name="android.intent.action.INSERT" />
45-->[com.google.android.gms:play-services-ads-lite:23.6.0] AndroidManifest.xml:53:13-67
45-->[com.google.android.gms:play-services-ads-lite:23.6.0] AndroidManifest.xml:53:21-64
46
47            <data android:mimeType="vnd.android.cursor.dir/event" />
47-->src\main\AndroidManifest.xml:49:13-50
47-->src\main\AndroidManifest.xml:49:19-48
48        </intent>
49        <intent>
49-->[com.google.android.gms:play-services-ads-lite:23.6.0] AndroidManifest.xml:57:9-61:18
50            <action android:name="android.intent.action.VIEW" />
50-->[com.google.firebase:firebase-auth:23.2.0] AndroidManifest.xml:36:17-69
50-->[com.google.firebase:firebase-auth:23.2.0] AndroidManifest.xml:36:25-66
51
52            <data android:scheme="sms" />
52-->src\main\AndroidManifest.xml:49:13-50
53        </intent>
54        <intent>
54-->[com.google.android.gms:play-services-ads-lite:23.6.0] AndroidManifest.xml:62:9-66:18
55            <action android:name="android.intent.action.DIAL" />
55-->[com.google.android.gms:play-services-ads-lite:23.6.0] AndroidManifest.xml:63:13-65
55-->[com.google.android.gms:play-services-ads-lite:23.6.0] AndroidManifest.xml:63:21-62
56
57            <data android:path="tel:" />
57-->src\main\AndroidManifest.xml:49:13-50
58        </intent>
59    </queries>
60
61    <uses-permission android:name="com.google.android.gms.permission.AD_ID" />
61-->[com.google.android.gms:play-services-ads-lite:23.6.0] AndroidManifest.xml:26:5-79
61-->[com.google.android.gms:play-services-ads-lite:23.6.0] AndroidManifest.xml:26:22-76
62    <uses-permission android:name="android.permission.ACCESS_ADSERVICES_AD_ID" />
62-->[com.google.android.gms:play-services-ads-lite:23.6.0] AndroidManifest.xml:27:5-82
62-->[com.google.android.gms:play-services-ads-lite:23.6.0] AndroidManifest.xml:27:22-79
63    <uses-permission android:name="android.permission.ACCESS_ADSERVICES_ATTRIBUTION" />
63-->[com.google.android.gms:play-services-ads-lite:23.6.0] AndroidManifest.xml:28:5-88
63-->[com.google.android.gms:play-services-ads-lite:23.6.0] AndroidManifest.xml:28:22-85
64    <uses-permission android:name="android.permission.ACCESS_ADSERVICES_TOPICS" />
64-->[com.google.android.gms:play-services-ads-lite:23.6.0] AndroidManifest.xml:29:5-83
64-->[com.google.android.gms:play-services-ads-lite:23.6.0] AndroidManifest.xml:29:22-80
65    <uses-permission android:name="com.google.android.providers.gsf.permission.READ_GSERVICES" />
65-->[com.google.android.recaptcha:recaptcha:18.6.1] AndroidManifest.xml:9:5-98
65-->[com.google.android.recaptcha:recaptcha:18.6.1] AndroidManifest.xml:9:22-95
66    <uses-permission android:name="android.permission.WAKE_LOCK" />
66-->[androidx.work:work-runtime:2.7.0] AndroidManifest.xml:25:5-68
66-->[androidx.work:work-runtime:2.7.0] AndroidManifest.xml:25:22-65
67    <uses-permission android:name="android.permission.FOREGROUND_SERVICE" />
67-->[androidx.work:work-runtime:2.7.0] AndroidManifest.xml:28:5-77
67-->[androidx.work:work-runtime:2.7.0] AndroidManifest.xml:28:22-74
68
69    <permission
69-->[androidx.core:core:1.13.1] AndroidManifest.xml:22:5-24:47
70        android:name="com.giakhanh.piranha.DYNAMIC_RECEIVER_NOT_EXPORTED_PERMISSION"
70-->[androidx.core:core:1.13.1] AndroidManifest.xml:23:9-81
71        android:protectionLevel="signature" />
71-->[androidx.core:core:1.13.1] AndroidManifest.xml:24:9-44
72
73    <uses-permission android:name="com.giakhanh.piranha.DYNAMIC_RECEIVER_NOT_EXPORTED_PERMISSION" />
73-->[androidx.core:core:1.13.1] AndroidManifest.xml:26:5-97
73-->[androidx.core:core:1.13.1] AndroidManifest.xml:26:22-94
74
75    <application
76        android:name="android.app.Application"
77        android:appComponentFactory="androidx.core.app.CoreComponentFactory"
77-->[androidx.core:core:1.13.1] AndroidManifest.xml:28:18-86
78        android:debuggable="true"
79        android:extractNativeLibs="false"
80        android:icon="@mipmap/ic_launcher"
81        android:label="piranha" >
82
83        <!-- Sử dụng App ID thật -->
84        <meta-data
85            android:name="com.google.android.gms.ads.APPLICATION_ID"
86            android:value="ca-app-pub-4590752034914989~7706107340" />
87        <!-- Sử dụng App ID thử nghiệm -->
88        <!--
89         <meta-data
90        android:name="com.google.android.gms.ads.APPLICATION_ID"
91        android:value="ca-app-pub-3940256099942544~3347511713"/>
92        -->
93
94        <activity
95            android:name="com.giakhanh.piranha.MainActivity"
96            android:configChanges="orientation|keyboardHidden|keyboard|screenSize|smallestScreenSize|locale|layoutDirection|fontScale|screenLayout|density|uiMode"
97            android:exported="true"
98            android:hardwareAccelerated="true"
99            android:label="Piranha"
100            android:launchMode="singleTop"
101            android:taskAffinity=""
102            android:theme="@style/LaunchTheme"
103            android:windowSoftInputMode="adjustResize" >
104            <meta-data
105                android:name="io.flutter.embedding.android.NormalTheme"
106                android:resource="@style/NormalTheme" />
107
108            <intent-filter>
109                <action android:name="android.intent.action.MAIN" />
110
111                <category android:name="android.intent.category.LAUNCHER" />
112            </intent-filter>
113        </activity>
114
115        <meta-data
116            android:name="flutterEmbedding"
117            android:value="2" />
118        <meta-data
118-->[:google_mobile_ads] AndroidManifest.xml:10:9-12:36
119            android:name="io.flutter.embedded_views_preview"
119-->[:google_mobile_ads] AndroidManifest.xml:11:13-61
120            android:value="true" />
120-->[:google_mobile_ads] AndroidManifest.xml:12:13-33
121
122        <service
122-->[:firebase_auth] AndroidManifest.xml:8:9-12:19
123            android:name="com.google.firebase.components.ComponentDiscoveryService"
123-->[:firebase_auth] AndroidManifest.xml:8:18-89
124            android:directBootAware="true"
124-->[com.google.firebase:firebase-common:21.0.0] AndroidManifest.xml:32:13-43
125            android:exported="false" >
125-->[com.google.firebase:firebase-auth:23.2.0] AndroidManifest.xml:68:13-37
126            <meta-data
126-->[:firebase_auth] AndroidManifest.xml:9:13-11:85
127                android:name="com.google.firebase.components:io.flutter.plugins.firebase.auth.FlutterFirebaseAuthRegistrar"
127-->[:firebase_auth] AndroidManifest.xml:10:17-124
128                android:value="com.google.firebase.components.ComponentRegistrar" />
128-->[:firebase_auth] AndroidManifest.xml:11:17-82
129            <meta-data
129-->[:cloud_firestore] AndroidManifest.xml:9:13-11:85
130                android:name="com.google.firebase.components:io.flutter.plugins.firebase.firestore.FlutterFirebaseFirestoreRegistrar"
130-->[:cloud_firestore] AndroidManifest.xml:10:17-134
131                android:value="com.google.firebase.components.ComponentRegistrar" />
131-->[:cloud_firestore] AndroidManifest.xml:11:17-82
132            <meta-data
132-->[:firebase_core] AndroidManifest.xml:9:13-11:85
133                android:name="com.google.firebase.components:io.flutter.plugins.firebase.core.FlutterFirebaseCoreRegistrar"
133-->[:firebase_core] AndroidManifest.xml:10:17-124
134                android:value="com.google.firebase.components.ComponentRegistrar" />
134-->[:firebase_core] AndroidManifest.xml:11:17-82
135            <meta-data
135-->[com.google.firebase:firebase-auth:23.2.0] AndroidManifest.xml:69:13-71:85
136                android:name="com.google.firebase.components:com.google.firebase.auth.FirebaseAuthRegistrar"
136-->[com.google.firebase:firebase-auth:23.2.0] AndroidManifest.xml:70:17-109
137                android:value="com.google.firebase.components.ComponentRegistrar" />
137-->[com.google.firebase:firebase-auth:23.2.0] AndroidManifest.xml:71:17-82
138            <meta-data
138-->[com.google.firebase:firebase-firestore:25.1.3] AndroidManifest.xml:17:13-19:85
139                android:name="com.google.firebase.components:com.google.firebase.firestore.FirebaseFirestoreKtxRegistrar"
139-->[com.google.firebase:firebase-firestore:25.1.3] AndroidManifest.xml:18:17-122
140                android:value="com.google.firebase.components.ComponentRegistrar" />
140-->[com.google.firebase:firebase-firestore:25.1.3] AndroidManifest.xml:19:17-82
141            <meta-data
141-->[com.google.firebase:firebase-firestore:25.1.3] AndroidManifest.xml:20:13-22:85
142                android:name="com.google.firebase.components:com.google.firebase.firestore.FirestoreRegistrar"
142-->[com.google.firebase:firebase-firestore:25.1.3] AndroidManifest.xml:21:17-111
143                android:value="com.google.firebase.components.ComponentRegistrar" />
143-->[com.google.firebase:firebase-firestore:25.1.3] AndroidManifest.xml:22:17-82
144            <meta-data
144-->[com.google.firebase:firebase-common-ktx:21.0.0] AndroidManifest.xml:12:13-14:85
145                android:name="com.google.firebase.components:com.google.firebase.ktx.FirebaseCommonLegacyRegistrar"
145-->[com.google.firebase:firebase-common-ktx:21.0.0] AndroidManifest.xml:13:17-116
146                android:value="com.google.firebase.components.ComponentRegistrar" />
146-->[com.google.firebase:firebase-common-ktx:21.0.0] AndroidManifest.xml:14:17-82
147            <meta-data
147-->[com.google.firebase:firebase-common:21.0.0] AndroidManifest.xml:35:13-37:85
148                android:name="com.google.firebase.components:com.google.firebase.FirebaseCommonKtxRegistrar"
148-->[com.google.firebase:firebase-common:21.0.0] AndroidManifest.xml:36:17-109
149                android:value="com.google.firebase.components.ComponentRegistrar" />
149-->[com.google.firebase:firebase-common:21.0.0] AndroidManifest.xml:37:17-82
150        </service>
151
152        <activity
152-->[com.google.firebase:firebase-auth:23.2.0] AndroidManifest.xml:29:9-46:20
153            android:name="com.google.firebase.auth.internal.GenericIdpActivity"
153-->[com.google.firebase:firebase-auth:23.2.0] AndroidManifest.xml:30:13-80
154            android:excludeFromRecents="true"
154-->[com.google.firebase:firebase-auth:23.2.0] AndroidManifest.xml:31:13-46
155            android:exported="true"
155-->[com.google.firebase:firebase-auth:23.2.0] AndroidManifest.xml:32:13-36
156            android:launchMode="singleTask"
156-->[com.google.firebase:firebase-auth:23.2.0] AndroidManifest.xml:33:13-44
157            android:theme="@android:style/Theme.Translucent.NoTitleBar" >
157-->[com.google.firebase:firebase-auth:23.2.0] AndroidManifest.xml:34:13-72
158            <intent-filter>
158-->[com.google.firebase:firebase-auth:23.2.0] AndroidManifest.xml:35:13-45:29
159                <action android:name="android.intent.action.VIEW" />
159-->[com.google.firebase:firebase-auth:23.2.0] AndroidManifest.xml:36:17-69
159-->[com.google.firebase:firebase-auth:23.2.0] AndroidManifest.xml:36:25-66
160
161                <category android:name="android.intent.category.DEFAULT" />
161-->[com.google.firebase:firebase-auth:23.2.0] AndroidManifest.xml:38:17-76
161-->[com.google.firebase:firebase-auth:23.2.0] AndroidManifest.xml:38:27-73
162                <category android:name="android.intent.category.BROWSABLE" />
162-->[com.google.firebase:firebase-auth:23.2.0] AndroidManifest.xml:39:17-78
162-->[com.google.firebase:firebase-auth:23.2.0] AndroidManifest.xml:39:27-75
163
164                <data
164-->src\main\AndroidManifest.xml:49:13-50
165                    android:host="firebase.auth"
166                    android:path="/"
167                    android:scheme="genericidp" />
168            </intent-filter>
169        </activity>
170        <activity
170-->[com.google.firebase:firebase-auth:23.2.0] AndroidManifest.xml:47:9-64:20
171            android:name="com.google.firebase.auth.internal.RecaptchaActivity"
171-->[com.google.firebase:firebase-auth:23.2.0] AndroidManifest.xml:48:13-79
172            android:excludeFromRecents="true"
172-->[com.google.firebase:firebase-auth:23.2.0] AndroidManifest.xml:49:13-46
173            android:exported="true"
173-->[com.google.firebase:firebase-auth:23.2.0] AndroidManifest.xml:50:13-36
174            android:launchMode="singleTask"
174-->[com.google.firebase:firebase-auth:23.2.0] AndroidManifest.xml:51:13-44
175            android:theme="@android:style/Theme.Translucent.NoTitleBar" >
175-->[com.google.firebase:firebase-auth:23.2.0] AndroidManifest.xml:52:13-72
176            <intent-filter>
176-->[com.google.firebase:firebase-auth:23.2.0] AndroidManifest.xml:53:13-63:29
177                <action android:name="android.intent.action.VIEW" />
177-->[com.google.firebase:firebase-auth:23.2.0] AndroidManifest.xml:36:17-69
177-->[com.google.firebase:firebase-auth:23.2.0] AndroidManifest.xml:36:25-66
178
179                <category android:name="android.intent.category.DEFAULT" />
179-->[com.google.firebase:firebase-auth:23.2.0] AndroidManifest.xml:38:17-76
179-->[com.google.firebase:firebase-auth:23.2.0] AndroidManifest.xml:38:27-73
180                <category android:name="android.intent.category.BROWSABLE" />
180-->[com.google.firebase:firebase-auth:23.2.0] AndroidManifest.xml:39:17-78
180-->[com.google.firebase:firebase-auth:23.2.0] AndroidManifest.xml:39:27-75
181
182                <data
182-->src\main\AndroidManifest.xml:49:13-50
183                    android:host="firebase.auth"
184                    android:path="/"
185                    android:scheme="recaptcha" />
186            </intent-filter>
187        </activity>
188
189        <provider
189-->[com.google.firebase:firebase-common:21.0.0] AndroidManifest.xml:23:9-28:39
190            android:name="com.google.firebase.provider.FirebaseInitProvider"
190-->[com.google.firebase:firebase-common:21.0.0] AndroidManifest.xml:24:13-77
191            android:authorities="com.giakhanh.piranha.firebaseinitprovider"
191-->[com.google.firebase:firebase-common:21.0.0] AndroidManifest.xml:25:13-72
192            android:directBootAware="true"
192-->[com.google.firebase:firebase-common:21.0.0] AndroidManifest.xml:26:13-43
193            android:exported="false"
193-->[com.google.firebase:firebase-common:21.0.0] AndroidManifest.xml:27:13-37
194            android:initOrder="100" />
194-->[com.google.firebase:firebase-common:21.0.0] AndroidManifest.xml:28:13-36
195
196        <uses-library
196-->[androidx.window:window:1.2.0] AndroidManifest.xml:23:9-25:40
197            android:name="androidx.window.extensions"
197-->[androidx.window:window:1.2.0] AndroidManifest.xml:24:13-54
198            android:required="false" />
198-->[androidx.window:window:1.2.0] AndroidManifest.xml:25:13-37
199        <uses-library
199-->[androidx.window:window:1.2.0] AndroidManifest.xml:26:9-28:40
200            android:name="androidx.window.sidecar"
200-->[androidx.window:window:1.2.0] AndroidManifest.xml:27:13-51
201            android:required="false" /> <!-- Include the AdActivity and InAppPurchaseActivity configChanges and themes. -->
201-->[androidx.window:window:1.2.0] AndroidManifest.xml:28:13-37
202        <activity
202-->[com.google.android.gms:play-services-ads-lite:23.6.0] AndroidManifest.xml:73:9-78:43
203            android:name="com.google.android.gms.ads.AdActivity"
203-->[com.google.android.gms:play-services-ads-lite:23.6.0] AndroidManifest.xml:74:13-65
204            android:configChanges="keyboard|keyboardHidden|orientation|screenLayout|uiMode|screenSize|smallestScreenSize"
204-->[com.google.android.gms:play-services-ads-lite:23.6.0] AndroidManifest.xml:75:13-122
205            android:exported="false"
205-->[com.google.android.gms:play-services-ads-lite:23.6.0] AndroidManifest.xml:76:13-37
206            android:theme="@android:style/Theme.Translucent" />
206-->[com.google.android.gms:play-services-ads-lite:23.6.0] AndroidManifest.xml:77:13-61
207
208        <provider
208-->[com.google.android.gms:play-services-ads-lite:23.6.0] AndroidManifest.xml:80:9-85:43
209            android:name="com.google.android.gms.ads.MobileAdsInitProvider"
209-->[com.google.android.gms:play-services-ads-lite:23.6.0] AndroidManifest.xml:81:13-76
210            android:authorities="com.giakhanh.piranha.mobileadsinitprovider"
210-->[com.google.android.gms:play-services-ads-lite:23.6.0] AndroidManifest.xml:82:13-73
211            android:exported="false"
211-->[com.google.android.gms:play-services-ads-lite:23.6.0] AndroidManifest.xml:83:13-37
212            android:initOrder="100" />
212-->[com.google.android.gms:play-services-ads-lite:23.6.0] AndroidManifest.xml:84:13-36
213
214        <service
214-->[com.google.android.gms:play-services-ads-lite:23.6.0] AndroidManifest.xml:87:9-91:43
215            android:name="com.google.android.gms.ads.AdService"
215-->[com.google.android.gms:play-services-ads-lite:23.6.0] AndroidManifest.xml:88:13-64
216            android:enabled="true"
216-->[com.google.android.gms:play-services-ads-lite:23.6.0] AndroidManifest.xml:89:13-35
217            android:exported="false" />
217-->[com.google.android.gms:play-services-ads-lite:23.6.0] AndroidManifest.xml:90:13-37
218
219        <activity
219-->[com.google.android.gms:play-services-ads-lite:23.6.0] AndroidManifest.xml:93:9-97:43
220            android:name="com.google.android.gms.ads.OutOfContextTestingActivity"
220-->[com.google.android.gms:play-services-ads-lite:23.6.0] AndroidManifest.xml:94:13-82
221            android:configChanges="keyboard|keyboardHidden|orientation|screenLayout|uiMode|screenSize|smallestScreenSize"
221-->[com.google.android.gms:play-services-ads-lite:23.6.0] AndroidManifest.xml:95:13-122
222            android:exported="false" />
222-->[com.google.android.gms:play-services-ads-lite:23.6.0] AndroidManifest.xml:96:13-37
223        <activity
223-->[com.google.android.gms:play-services-ads-lite:23.6.0] AndroidManifest.xml:98:9-105:43
224            android:name="com.google.android.gms.ads.NotificationHandlerActivity"
224-->[com.google.android.gms:play-services-ads-lite:23.6.0] AndroidManifest.xml:99:13-82
225            android:excludeFromRecents="true"
225-->[com.google.android.gms:play-services-ads-lite:23.6.0] AndroidManifest.xml:100:13-46
226            android:exported="false"
226-->[com.google.android.gms:play-services-ads-lite:23.6.0] AndroidManifest.xml:101:13-37
227            android:launchMode="singleTask"
227-->[com.google.android.gms:play-services-ads-lite:23.6.0] AndroidManifest.xml:102:13-44
228            android:taskAffinity=""
228-->[com.google.android.gms:play-services-ads-lite:23.6.0] AndroidManifest.xml:103:13-36
229            android:theme="@android:style/Theme.Translucent.NoTitleBar" />
229-->[com.google.android.gms:play-services-ads-lite:23.6.0] AndroidManifest.xml:104:13-72
230
231        <property
231-->[com.google.android.gms:play-services-ads-lite:23.6.0] AndroidManifest.xml:107:9-109:62
232            android:name="android.adservices.AD_SERVICES_CONFIG"
232-->[com.google.android.gms:play-services-ads-lite:23.6.0] AndroidManifest.xml:108:13-65
233            android:resource="@xml/gma_ad_services_config" />
233-->[com.google.android.gms:play-services-ads-lite:23.6.0] AndroidManifest.xml:109:13-59
234
235        <service
235-->[androidx.credentials:credentials-play-services-auth:1.2.0-rc01] AndroidManifest.xml:24:9-32:19
236            android:name="androidx.credentials.playservices.CredentialProviderMetadataHolder"
236-->[androidx.credentials:credentials-play-services-auth:1.2.0-rc01] AndroidManifest.xml:25:13-94
237            android:enabled="true"
237-->[androidx.credentials:credentials-play-services-auth:1.2.0-rc01] AndroidManifest.xml:26:13-35
238            android:exported="false" >
238-->[androidx.credentials:credentials-play-services-auth:1.2.0-rc01] AndroidManifest.xml:27:13-37
239            <meta-data
239-->[androidx.credentials:credentials-play-services-auth:1.2.0-rc01] AndroidManifest.xml:29:13-31:104
240                android:name="androidx.credentials.CREDENTIAL_PROVIDER_KEY"
240-->[androidx.credentials:credentials-play-services-auth:1.2.0-rc01] AndroidManifest.xml:30:17-76
241                android:value="androidx.credentials.playservices.CredentialProviderPlayServicesImpl" />
241-->[androidx.credentials:credentials-play-services-auth:1.2.0-rc01] AndroidManifest.xml:31:17-101
242        </service>
243
244        <activity
244-->[androidx.credentials:credentials-play-services-auth:1.2.0-rc01] AndroidManifest.xml:34:9-41:20
245            android:name="androidx.credentials.playservices.HiddenActivity"
245-->[androidx.credentials:credentials-play-services-auth:1.2.0-rc01] AndroidManifest.xml:35:13-76
246            android:configChanges="orientation|screenSize|screenLayout|keyboardHidden"
246-->[androidx.credentials:credentials-play-services-auth:1.2.0-rc01] AndroidManifest.xml:36:13-87
247            android:enabled="true"
247-->[androidx.credentials:credentials-play-services-auth:1.2.0-rc01] AndroidManifest.xml:37:13-35
248            android:exported="false"
248-->[androidx.credentials:credentials-play-services-auth:1.2.0-rc01] AndroidManifest.xml:38:13-37
249            android:fitsSystemWindows="true"
249-->[androidx.credentials:credentials-play-services-auth:1.2.0-rc01] AndroidManifest.xml:39:13-45
250            android:theme="@style/Theme.Hidden" >
250-->[androidx.credentials:credentials-play-services-auth:1.2.0-rc01] AndroidManifest.xml:40:13-48
251        </activity>
252        <activity
252-->[com.google.android.gms:play-services-auth:21.0.0] AndroidManifest.xml:23:9-27:75
253            android:name="com.google.android.gms.auth.api.signin.internal.SignInHubActivity"
253-->[com.google.android.gms:play-services-auth:21.0.0] AndroidManifest.xml:24:13-93
254            android:excludeFromRecents="true"
254-->[com.google.android.gms:play-services-auth:21.0.0] AndroidManifest.xml:25:13-46
255            android:exported="false"
255-->[com.google.android.gms:play-services-auth:21.0.0] AndroidManifest.xml:26:13-37
256            android:theme="@android:style/Theme.Translucent.NoTitleBar" />
256-->[com.google.android.gms:play-services-auth:21.0.0] AndroidManifest.xml:27:13-72
257        <!--
258            Service handling Google Sign-In user revocation. For apps that do not integrate with
259            Google Sign-In, this service will never be started.
260        -->
261        <service
261-->[com.google.android.gms:play-services-auth:21.0.0] AndroidManifest.xml:33:9-37:51
262            android:name="com.google.android.gms.auth.api.signin.RevocationBoundService"
262-->[com.google.android.gms:play-services-auth:21.0.0] AndroidManifest.xml:34:13-89
263            android:exported="true"
263-->[com.google.android.gms:play-services-auth:21.0.0] AndroidManifest.xml:35:13-36
264            android:permission="com.google.android.gms.auth.api.signin.permission.REVOCATION_NOTIFICATION"
264-->[com.google.android.gms:play-services-auth:21.0.0] AndroidManifest.xml:36:13-107
265            android:visibleToInstantApps="true" />
265-->[com.google.android.gms:play-services-auth:21.0.0] AndroidManifest.xml:37:13-48
266
267        <activity
267-->[com.google.android.gms:play-services-base:18.1.0] AndroidManifest.xml:20:9-22:45
268            android:name="com.google.android.gms.common.api.GoogleApiActivity"
268-->[com.google.android.gms:play-services-base:18.1.0] AndroidManifest.xml:20:19-85
269            android:exported="false"
269-->[com.google.android.gms:play-services-base:18.1.0] AndroidManifest.xml:22:19-43
270            android:theme="@android:style/Theme.Translucent.NoTitleBar" />
270-->[com.google.android.gms:play-services-base:18.1.0] AndroidManifest.xml:21:19-78
271
272        <provider
272-->[androidx.work:work-runtime:2.7.0] AndroidManifest.xml:31:9-39:20
273            android:name="androidx.startup.InitializationProvider"
273-->[androidx.work:work-runtime:2.7.0] AndroidManifest.xml:32:13-67
274            android:authorities="com.giakhanh.piranha.androidx-startup"
274-->[androidx.work:work-runtime:2.7.0] AndroidManifest.xml:33:13-68
275            android:exported="false" >
275-->[androidx.work:work-runtime:2.7.0] AndroidManifest.xml:34:13-37
276            <meta-data
276-->[androidx.work:work-runtime:2.7.0] AndroidManifest.xml:36:13-38:52
277                android:name="androidx.work.WorkManagerInitializer"
277-->[androidx.work:work-runtime:2.7.0] AndroidManifest.xml:37:17-68
278                android:value="androidx.startup" />
278-->[androidx.work:work-runtime:2.7.0] AndroidManifest.xml:38:17-49
279            <meta-data
279-->[androidx.lifecycle:lifecycle-process:2.7.0] AndroidManifest.xml:29:13-31:52
280                android:name="androidx.lifecycle.ProcessLifecycleInitializer"
280-->[androidx.lifecycle:lifecycle-process:2.7.0] AndroidManifest.xml:30:17-78
281                android:value="androidx.startup" />
281-->[androidx.lifecycle:lifecycle-process:2.7.0] AndroidManifest.xml:31:17-49
282            <meta-data
282-->[androidx.profileinstaller:profileinstaller:1.3.1] AndroidManifest.xml:29:13-31:52
283                android:name="androidx.profileinstaller.ProfileInstallerInitializer"
283-->[androidx.profileinstaller:profileinstaller:1.3.1] AndroidManifest.xml:30:17-85
284                android:value="androidx.startup" />
284-->[androidx.profileinstaller:profileinstaller:1.3.1] AndroidManifest.xml:31:17-49
285        </provider>
286
287        <service
287-->[androidx.work:work-runtime:2.7.0] AndroidManifest.xml:41:9-46:35
288            android:name="androidx.work.impl.background.systemalarm.SystemAlarmService"
288-->[androidx.work:work-runtime:2.7.0] AndroidManifest.xml:42:13-88
289            android:directBootAware="false"
289-->[androidx.work:work-runtime:2.7.0] AndroidManifest.xml:43:13-44
290            android:enabled="@bool/enable_system_alarm_service_default"
290-->[androidx.work:work-runtime:2.7.0] AndroidManifest.xml:44:13-72
291            android:exported="false" />
291-->[androidx.work:work-runtime:2.7.0] AndroidManifest.xml:45:13-37
292        <service
292-->[androidx.work:work-runtime:2.7.0] AndroidManifest.xml:47:9-53:35
293            android:name="androidx.work.impl.background.systemjob.SystemJobService"
293-->[androidx.work:work-runtime:2.7.0] AndroidManifest.xml:48:13-84